#
# A fatal error has been detected by the Java Runtime Environment:
#
#  EXCEPTION_ACCESS_VIOLATION (0xc0000005) at pc=0x0000000078ce7586, pid=5744, tid=1168
#
# JRE version: 6.0_17-b04
# Java VM: Java HotSpot(TM) 64-Bit Server VM (14.3-b01 mixed mode windows-amd64 )
# Problematic frame:
# C  0x0000000078ce7586
#
# If you would like to submit a bug report, please visit:
#   http://java.sun.com/webapps/bugreport/crash.jsp
#

---------------  T H R E A D  ---------------

Current thread (0x0000000054787800):  JavaThread "Main message loop" daemon [_thread_in_vm, id=1168, stack(0x00000000c8000000,0x00000000cc000000)]

siginfo: ExceptionCode=0xc0000005, reading address 0x0000000080004005

Registers:
EAX=0x0000000054787800, EBX=0x0000000054787800, ECX=0x0000000000000031, EDX=0x00000000cbfee300
ESP=0x00000000cbfee2a0, EBP=0x00000000cbfee350, ESI=0x000000003257bb00, EDI=0x0000000080004005
EIP=0x0000000078ce7586, EFLAGS=0x0000000000010206

Top of Stack: (sp=0x00000000cbfee2a0)
0x00000000cbfee2a0:   0000000054b55b58 0000000054b55b78
0x00000000cbfee2b0:   0000000054b55b80 0000000054b55b98
0x00000000cbfee2c0:   000000002c055969 0000000039de0000
0x00000000cbfee2d0:   0000000054787800 000000002c2764d5
0x00000000cbfee2e0:   0000000054b4f050 0000000054b4f060
0x00000000cbfee2f0:   0000000054b4f438 000000002f13dc70
0x00000000cbfee300:   0000000037532e68 000000002c054e90
0x00000000cbfee310:   0000000000000000 00000000cbfee4f8
0x00000000cbfee320:   00000000cbfee4a8 00000000cbfee4a8
0x00000000cbfee330:   000000002c06c263 000000002c054e90
0x00000000cbfee340:   0000000000000000 00000000cbfee4f8
0x00000000cbfee350:   00000000cbfee3c0 000000002c0559f3
0x00000000cbfee360:   000000002c0559f3 0000000080004005
0x00000000cbfee370:   0000000000000000 0000000037532e68
0x00000000cbfee380:   00000000cbfee380 000000002f9bf6f2
0x00000000cbfee390:   00000000cbfee3f0 000000002f9c24f8 

Instructions: (pc=0x0000000078ce7586)
0x0000000078ce7576:   80 3c 02 00 00 01 4c 8b d8 75 05 48 8b 3f eb 12
0x0000000078ce7586:   8b 07 89 44 24 40 8b 47 04 89 44 24 44 48 8b 7c 


Stack: [0x00000000c8000000,0x00000000cc000000],  sp=0x00000000cbfee2a0,  free space=65464k
Native frames: (J=compiled Java code, j=interpreted, Vv=VM code, C=native code)
C  0x0000000078ce7586
j  java.nio.DirectByteBuffer.getLong(J)J+10
j  java.nio.DirectByteBuffer.getLong(I)J+12
j  com.jniwrapper.g.readPointer(I)J+14
j  com.jniwrapper.win32.automation.types.SafeArray.getHandle()J+8
j  com.jniwrapper.win32.automation.types.SafeArray.acceptIOPerformer(Lcom/jniwrapper/IOPerformer;Lcom/jniwrapper/DataBuffer;IZZ)V+18
j  com.jniwrapper.Pointer.readReferencedObject(Z)V+21
j  com.jniwrapper.Pointer.read(Lcom/jniwrapper/DataBuffer;IZ)V+21
j  com.jniwrapper.win32.automation.types.Variant.b(Lcom/jniwrapper/DataBuffer;IZILcom/jniwrapper/Parameter;)V+61
j  com.jniwrapper.win32.automation.types.Variant.read(Lcom/jniwrapper/DataBuffer;IZ)V+35
j  com.jniwrapper.win32.automation.types.Variant.acceptIOPerformer(Lcom/jniwrapper/IOPerformer;Lcom/jniwrapper/DataBuffer;IZZ)V+21
j  com.jniwrapper.Pointer.readReferencedObject(Z)V+21
j  com.jniwrapper.Pointer.read(Lcom/jniwrapper/DataBuffer;IZ)V+21
j  com.jniwrapper.Pointer.pop(Lcom/jniwrapper/DataBuffer;IZ)V+14

Java frames: (J=compiled Java code, j=interpreted, Vv=VM code)
J  sun.misc.Unsafe.getLong(J)J
j  java.nio.DirectByteBuffer.getLong(J)J+10
j  java.nio.DirectByteBuffer.getLong(I)J+12
j  com.jniwrapper.g.readPointer(I)J+14
j  com.jniwrapper.win32.automation.types.SafeArray.getHandle()J+8
j  com.jniwrapper.win32.automation.types.SafeArray.acceptIOPerformer(Lcom/jniwrapper/IOPerformer;Lcom/jniwrapper/DataBuffer;IZZ)V+18
j  com.jniwrapper.Pointer.readReferencedObject(Z)V+21
j  com.jniwrapper.Pointer.read(Lcom/jniwrapper/DataBuffer;IZ)V+21
j  com.jniwrapper.win32.automation.types.Variant.b(Lcom/jniwrapper/DataBuffer;IZILcom/jniwrapper/Parameter;)V+61
j  com.jniwrapper.win32.automation.types.Variant.read(Lcom/jniwrapper/DataBuffer;IZ)V+35
j  com.jniwrapper.win32.automation.types.Variant.acceptIOPerformer(Lcom/jniwrapper/IOPerformer;Lcom/jniwrapper/DataBuffer;IZZ)V+21
j  com.jniwrapper.Pointer.readReferencedObject(Z)V+21
j  com.jniwrapper.Pointer.read(Lcom/jniwrapper/DataBuffer;IZ)V+21
j  com.jniwrapper.Pointer.pop(Lcom/jniwrapper/DataBuffer;IZ)V+14
J  com.jniwrapper.Parameter.b(Lcom/jniwrapper/DataBuffer;IZ)V
J  com.jniwrapper.Callback.enterPoint(JI)J
v  ~StubRoutines::call_stub
j  com.jniwrapper.Function.invokeCFunc(JJB[BII[II)I+0
J  com.jniwrapper.FunctionCall.a(ZJJJIBLcom/jniwrapper/Parameter;[Lcom/jniwrapper/Parameter;)J
j  com.jniwrapper.FunctionCall.call(JJBLcom/jniwrapper/Parameter;[Lcom/jniwrapper/Parameter;)J+11
j  com.jniwrapper.Function.invoke(Lcom/jniwrapper/Parameter;[Lcom/jniwrapper/Parameter;)J+24
j  com.jniwrapper.Function.invoke(Lcom/jniwrapper/Parameter;Lcom/jniwrapper/Parameter;)J+10
j  com.jniwrapper.win32.MessageLoopThread$LoopThread.run()V+299
v  ~StubRoutines::call_stub

---------------  P R O C E S S  ---------------

Java Threads: ( => current thread )
  0x000000005477b800 JavaThread "Browser Events Thread" daemon [_thread_blocked, id=4748, stack(0x00000000a8000000,0x00000000ac000000)]
=>0x0000000054787800 JavaThread "Main message loop" daemon [_thread_in_vm, id=1168, stack(0x00000000c8000000,0x00000000cc000000)]
  0x0000000054781000 JavaThread "Timer-1" daemon [_thread_blocked, id=6968, stack(0x00000000f4000000,0x00000000f8000000)]
  0x0000000054785000 JavaThread "com.jniwrapper.NativeResourceCollector" daemon [_thread_blocked, id=1060, stack(0x00000000ec000000,0x00000000f0000000)]
  0x0000000054780800 JavaThread "ClipboardMonitor Timer" daemon [_thread_blocked, id=2776, stack(0x00000000e0000000,0x00000000e4000000)]
  0x000000005477f000 JavaThread "Explorer NavigationContext request queue" daemon [_thread_blocked, id=3376, stack(0x00000000dc000000,0x00000000e0000000)]
  0x000000005477d800 JavaThread "AddressBar directory emptiness poller" daemon [_thread_blocked, id=6380, stack(0x00000000d4000000,0x00000000d8000000)]
  0x000000005477d000 JavaThread "Explorer Refresh Service 141562188" daemon [_thread_blocked, id=7144, stack(0x00000000d0000000,0x00000000d4000000)]
  0x000000005477c000 JavaThread "Thread-4" daemon [_thread_blocked, id=2496, stack(0x00000000cc000000,0x00000000d0000000)]
  0x000000005477a800 JavaThread "TimerQueue" daemon [_thread_blocked, id=1624, stack(0x00000000c4000000,0x00000000c8000000)]
  0x000000005477a000 JavaThread "Thread-3" daemon [_thread_blocked, id=2868, stack(0x00000000b4000000,0x00000000b8000000)]
  0x0000000054779800 JavaThread "FelixPackageAdmin" daemon [_thread_blocked, id=5404, stack(0x00000000c0000000,0x00000000c4000000)]
  0x0000000054719000 JavaThread "FelixStartLevel" daemon [_thread_blocked, id=6828, stack(0x00000000bc000000,0x00000000c0000000)]
  0x000000005471b000 JavaThread "FelixDispatchQueue" daemon [_thread_blocked, id=5676, stack(0x00000000b8000000,0x00000000bc000000)]
  0x0000000054815800 JavaThread "AWT-EventQueue-0" [_thread_blocked, id=3660, stack(0x00000000b0000000,0x00000000b4000000)]
  0x000000005456d800 JavaThread "com.google.common.base.internal.Finalizer" daemon [_thread_blocked, id=1224, stack(0x00000000ac000000,0x00000000b0000000)]
  0x0000000054524000 JavaThread "AWT-Windows" daemon [_thread_in_native, id=6860, stack(0x00000000a4000000,0x00000000a8000000)]
  0x0000000054523000 JavaThread "AWT-Shutdown" [_thread_blocked, id=6844, stack(0x00000000a0000000,0x00000000a4000000)]
  0x000000000f8ae000 JavaThread "Java2D Disposer" daemon [_thread_blocked, id=4852, stack(0x000000009c000000,0x00000000a0000000)]
  0x000000000fe3f800 JavaThread "Timer-0" [_thread_blocked, id=7084, stack(0x0000000098000000,0x000000009c000000)]
  0x0000000054007000 JavaThread "EventMgr Dispatcher" daemon [_thread_in_native, id=6224, stack(0x0000000094000000,0x0000000098000000)]
  0x000000000f90a800 JavaThread "Low Memory Detector" daemon [_thread_blocked, id=2296, stack(0x000000008c000000,0x0000000090000000)]
  0x000000000f8fe000 JavaThread "CompilerThread1" daemon [_thread_blocked, id=6172, stack(0x0000000088000000,0x000000008c000000)]
  0x000000000f8b4000 JavaThread "CompilerThread0" daemon [_thread_blocked, id=5784, stack(0x0000000084000000,0x0000000088000000)]
  0x000000000f8b2800 JavaThread "Attach Listener" daemon [_thread_blocked, id=6560, stack(0x0000000080000000,0x0000000084000000)]
  0x000000000f895800 JavaThread "Finalizer" daemon [_thread_blocked, id=2344, stack(0x0000000069f80000,0x000000006df80000)]
  0x000000000f894800 JavaThread "Reference Handler" daemon [_thread_blocked, id=4884, stack(0x0000000060590000,0x0000000064590000)]
  0x00000000064c6000 JavaThread "main" [_thread_in_native, id=7108, stack(0x0000000000030000,0x0000000004030000)]

Other Threads:
  0x000000000f891000 VMThread [stack: 0x00000000567c0000,0x000000005a7c0000] [id=6928]
  0x000000000f93d000 WatcherThread [stack: 0x0000000090000000,0x0000000094000000] [id=6580]

VM state:not at safepoint (normal execution)

VM Mutex/Monitor currently owned by a thread: None

Heap
 PSYoungGen      total 38848K, used 18027K [0x0000000040350000, 0x0000000043350000, 0x0000000043450000)
  eden space 28416K, 50% used [0x0000000040350000,0x00000000411615a0,0x0000000041f10000)
  from space 10432K, 34% used [0x0000000041f10000,0x00000000422998b8,0x0000000042940000)
  to   space 10048K, 0% used [0x0000000042980000,0x0000000042980000,0x0000000043350000)
 PSOldGen        total 68416K, used 48158K [0x0000000037050000, 0x000000003b320000, 0x0000000040350000)
  object space 68416K, 70% used [0x0000000037050000,0x0000000039f57858,0x000000003b320000)
 PSPermGen       total 99648K, used 70226K [0x000000002f050000, 0x00000000351a0000, 0x0000000037050000)
  object space 99648K, 70% used [0x000000002f050000,0x00000000334e4a98,0x00000000351a0000)

Dynamic libraries:
0x0000000140000000 - 0x0000000140028000 	C:\Program Files\MATLAB\R2013a\bin\win64\MATLAB.exe
0x0000000077bd0000 - 0x0000000077d79000 	C:\Windows\SYSTEM32\ntdll.dll
0x0000000077ab0000 - 0x0000000077bcf000 	C:\Windows\system32\kernel32.dll
0x000007fefdbd0000 - 0x000007fefdc3b000 	C:\Windows\system32\KERNELBASE.dll
0x0000000074460000 - 0x0000000074515000 	C:\Program Files\MATLAB\R2013a\bin\win64\libut.dll
0x00000000758a0000 - 0x000000007595f000 	C:\Program Files\MATLAB\R2013a\bin\win64\libmwi18n.dll
0x0000000180000000 - 0x000000018000d000 	C:\Program Files\MATLAB\R2013a\bin\win64\libmwresource_core.dll
0x0000000067280000 - 0x0000000067318000 	C:\Program Files\MATLAB\R2013a\bin\win64\MSVCP100.dll
0x00000000604b0000 - 0x0000000060582000 	C:\Program Files\MATLAB\R2013a\bin\win64\MSVCR100.dll
0x0000000071cf0000 - 0x0000000071cfe000 	C:\Program Files\MATLAB\R2013a\bin\win64\boost_date_time-vc100-mt-1_49.dll
0x0000000067250000 - 0x000000006727c000 	C:\Program Files\MATLAB\R2013a\bin\win64\boost_filesystem-vc100-mt-1_49.dll
0x0000000069f70000 - 0x0000000069f79000 	C:\Program Files\MATLAB\R2013a\bin\win64\boost_system-vc100-mt-1_49.dll
0x000007fefe400000 - 0x000007fefe4db000 	C:\Windows\system32\ADVAPI32.dll
0x000007feffe40000 - 0x000007feffedf000 	C:\Windows\system32\msvcrt.dll
0x000007feffc80000 - 0x000007feffc9f000 	C:\Windows\SYSTEM32\sechost.dll
0x000007fefe4f0000 - 0x000007fefe61d000 	C:\Windows\system32\RPCRT4.dll
0x0000000067220000 - 0x0000000067245000 	C:\Program Files\MATLAB\R2013a\bin\win64\LIBEXPAT.dll
0x0000000060320000 - 0x00000000604aa000 	C:\Program Files\MATLAB\R2013a\bin\win64\icuin49.dll
0x00000000601e0000 - 0x000000006031e000 	C:\Program Files\MATLAB\R2013a\bin\win64\icuuc49.dll
0x000000005cd70000 - 0x000000005de92000 	C:\Program Files\MATLAB\R2013a\bin\win64\icudt49.dll
0x0000000069f60000 - 0x0000000069f70000 	C:\Program Files\MATLAB\R2013a\bin\win64\icuio49.dll
0x0000000073f70000 - 0x0000000074112000 	C:\Program Files\MATLAB\R2013a\bin\win64\libmwfl.dll
0x000000007a350000 - 0x000000007a737000 	C:\Program Files\MATLAB\R2013a\bin\win64\libmwMATLAB_res.dll
0x0000000060100000 - 0x00000000601df000 	C:\Program Files\MATLAB\R2013a\bin\win64\boost_regex-vc100-mt-1_49.dll
0x00000000779b0000 - 0x0000000077aaa000 	C:\Windows\system32\USER32.dll
0x000007fefeae0000 - 0x000007fefeb47000 	C:\Windows\system32\GDI32.dll
0x000007fefe4e0000 - 0x000007fefe4ee000 	C:\Windows\system32\LPK.dll
0x000007fefe250000 - 0x000007fefe319000 	C:\Windows\system32\USP10.dll
0x0000000064990000 - 0x00000000649a1000 	C:\Program Files\MATLAB\R2013a\bin\win64\boost_signals-vc100-mt-1_49.dll
0x0000000064970000 - 0x0000000064981000 	C:\Program Files\MATLAB\R2013a\bin\win64\boost_thread-vc100-mt-1_49.dll
0x000007fef6060000 - 0x000007fef60ec000 	C:\Program Files\MATLAB\R2013a\bin\win64\boost_log-vc100-mt-1_49.dll
0x0000000077d90000 - 0x0000000077d97000 	C:\Windows\system32\PSAPI.DLL
0x000007fefe880000 - 0x000007fefe8cd000 	C:\Windows\system32\WS2_32.dll
0x000007feffac0000 - 0x000007feffac8000 	C:\Windows\system32\NSI.dll
0x000007fef2170000 - 0x000007fef21a3000 	C:\Program Files\MATLAB\R2013a\bin\win64\tbb.dll
0x000007feffe20000 - 0x000007feffe37000 	C:\Windows\system32\imagehlp.dll
0x000007fefc900000 - 0x000007fefc92c000 	C:\Windows\system32\POWRPROF.dll
0x000007feff8e0000 - 0x000007feffab7000 	C:\Windows\system32\SETUPAPI.dll
0x000007fefdeb0000 - 0x000007fefdee6000 	C:\Windows\system32\CFGMGR32.dll
0x000007fefe320000 - 0x000007fefe3f7000 	C:\Windows\system32\OLEAUT32.dll
0x000007fefe8d0000 - 0x000007fefead3000 	C:\Windows\system32\ole32.dll
0x000007fefdc40000 - 0x000007fefdc5a000 	C:\Windows\system32\DEVOBJ.dll
0x0000000004100000 - 0x0000000004121000 	C:\Program Files\MATLAB\R2013a\bin\win64\libmwmfl_scalar.dll
0x000007fef3860000 - 0x000007fef3985000 	C:\Windows\system32\dbghelp.dll
0x00000000042a0000 - 0x00000000045cf000 	C:\Program Files\MATLAB\R2013a\bin\win64\libmwservices.dll
0x0000000075a20000 - 0x0000000075b0b000 	C:\Program Files\MATLAB\R2013a\bin\win64\libmx.dll
0x000007fef6b60000 - 0x000007fef6b88000 	C:\Program Files\MATLAB\R2013a\bin\win64\tbbmalloc.dll
0x0000000064950000 - 0x0000000064967000 	C:\Program Files\MATLAB\R2013a\bin\win64\zlib1.dll
0x0000000004130000 - 0x000000000417e000 	C:\Program Files\MATLAB\R2013a\bin\win64\libmwregexp.dll
0x0000000075f10000 - 0x0000000075f57000 	C:\Program Files\MATLAB\R2013a\bin\win64\mpath.dll
0x000000007b680000 - 0x000000007bc66000 	C:\Program Files\MATLAB\R2013a\bin\win64\mlutil.dll
0x00000000754d0000 - 0x0000000075547000 	C:\Program Files\MATLAB\R2013a\bin\win64\xmlcore.dll
0x000000005c090000 - 0x000000005c2d1000 	C:\Program Files\MATLAB\R2013a\bin\win64\xerces-c_2_7.dll
0x00000000045d0000 - 0x00000000045f2000 	C:\Program Files\MATLAB\R2013a\bin\win64\libmwMATLAB_settings_res.dll
0x000007fefb1d0000 - 0x000007fefb1e0000 	C:\Program Files\MATLAB\R2013a\bin\win64\boost_iostreams-vc100-mt-1_49.dll
0x000007fef2120000 - 0x000007fef2166000 	C:\Program Files\MATLAB\R2013a\bin\win64\boost_serialization-vc100-mt-1_49.dll
0x000007fefeb50000 - 0x000007feff8d8000 	C:\Windows\system32\SHELL32.dll
0x000007fefdf80000 - 0x000007fefdff1000 	C:\Windows\system32\SHLWAPI.dll
0x0000000004190000 - 0x0000000004196000 	C:\Program Files\MATLAB\R2013a\bin\win64\libmwnativedisplay.dll
0x000007fef1d10000 - 0x000007fef1db0000 	C:\Windows\WinSxS\amd64_microsoft.windows.common-controls_6595b64144ccf1df_5.82.7601.17514_none_a4d6a923711520a9\COMCTL32.dll
0x000007fefe0a0000 - 0x000007fefe137000 	C:\Windows\system32\COMDLG32.dll
0x000007fefb460000 - 0x000007fefb476000 	C:\Windows\system32\NETAPI32.dll
0x000007fefb450000 - 0x000007fefb45c000 	C:\Windows\system32\netutils.dll
0x000007fefd630000 - 0x000007fefd653000 	C:\Windows\system32\srvcli.dll
0x000007fefb3e0000 - 0x000007fefb3f5000 	C:\Windows\system32\wkscli.dll
0x0000000074970000 - 0x0000000074a18000 	C:\Program Files\MATLAB\R2013a\bin\win64\mcr.dll
0x0000000075000000 - 0x00000000753b1000 	C:\Program Files\MATLAB\R2013a\bin\win64\iqm.dll
0x0000000074e80000 - 0x0000000074f30000 	C:\Program Files\MATLAB\R2013a\bin\win64\m_dispatcher.dll
0x0000000004600000 - 0x0000000004e08000 	C:\Program Files\MATLAB\R2013a\bin\win64\m_interpreter.dll
0x0000000004e10000 - 0x0000000004e34000 	C:\Program Files\MATLAB\R2013a\bin\win64\libmex.dll
0x0000000075430000 - 0x00000000754ab000 	C:\Program Files\MATLAB\R2013a\bin\win64\profiler.dll
0x0000000004e40000 - 0x00000000050c3000 	C:\Program Files\MATLAB\R2013a\bin\win64\libmwmathutil.dll
0x0000000079f40000 - 0x0000000079f66000 	C:\Program Files\MATLAB\R2013a\bin\win64\libmwmathrng.dll
0x00000000050d0000 - 0x00000000050e0000 	C:\Program Files\MATLAB\R2013a\bin\win64\libmwmfl_rng.dll
0x0000000074c10000 - 0x0000000074cf8000 	C:\Program Files\MATLAB\R2013a\bin\win64\libmwmathcore.dll
0x0000000076160000 - 0x00000000761c3000 	C:\Program Files\MATLAB\R2013a\bin\win64\libmwspmatrix.dll
0x000000007b0a0000 - 0x000000007b2f6000 	C:\Program Files\MATLAB\R2013a\bin\win64\mcos.dll
0x0000000075ea0000 - 0x0000000075f02000 	C:\Program Files\MATLAB\R2013a\bin\win64\libmwcholmod.dll
0x00000000050f0000 - 0x00000000050fd000 	C:\Program Files\MATLAB\R2013a\bin\win64\libmwamd.dll
0x0000000005110000 - 0x00000000051b3000 	C:\Windows\WinSxS\amd64_microsoft.vc90.crt_1fc8b3b9a1e18e3b_9.0.30729.6161_none_08e61857a83bc251\MSVCR90.dll
0x00000000051c0000 - 0x00000000051cc000 	C:\Program Files\MATLAB\R2013a\bin\win64\libmwcolamd.dll
0x000000007a290000 - 0x000000007a2a3000 	C:\Program Files\MATLAB\R2013a\bin\win64\libmwblas.dll
0x000000007a310000 - 0x000000007a325000 	C:\Program Files\MATLAB\R2013a\bin\win64\libmwbinder.dll
0x00000000051e0000 - 0x00000000051eb000 	C:\Program Files\MATLAB\R2013a\bin\win64\libmwompwrapper.dll
0x0000000075820000 - 0x000000007589e000 	C:\Program Files\MATLAB\R2013a\bin\win64\libmwlapack.dll
0x000000007a1b0000 - 0x000000007a1d0000 	C:\Program Files\MATLAB\R2013a\bin\win64\m_pcodeio.dll
0x0000000079b10000 - 0x0000000079b6c000 	C:\Program Files\MATLAB\R2013a\bin\win64\m_ir.dll
0x0000000078ed0000 - 0x0000000079579000 	C:\Program Files\MATLAB\R2013a\bin\win64\m_parser.dll
0x000000007a2f0000 - 0x000000007a307000 	C:\Program Files\MATLAB\R2013a\bin\win64\ir_xfmr.dll
0x00000000051f0000 - 0x0000000005200000 	C:\Program Files\MATLAB\R2013a\bin\win64\mtok.dll
0x000000007a130000 - 0x000000007a158000 	C:\Program Files\MATLAB\R2013a\bin\win64\m_pcodegen.dll
0x0000000079fb0000 - 0x0000000079fdf000 	C:\Program Files\MATLAB\R2013a\bin\win64\libmwbridge.dll
0x0000000074f40000 - 0x0000000074ff6000 	C:\Program Files\MATLAB\R2013a\bin\win64\udd.dll
0x0000000073cc0000 - 0x0000000073e0e000 	C:\Program Files\MATLAB\R2013a\bin\win64\libmwgui.dll
0x000000007a1d0000 - 0x000000007a1f4000 	C:\Program Files\MATLAB\R2013a\bin\win64\graphics_util.dll
0x000007fef1c50000 - 0x000007fef1d08000 	C:\Program Files\MATLAB\R2013a\bin\win64\libtex_base.dll
0x0000000005200000 - 0x0000000005b43000 	C:\Program Files\MATLAB\R2013a\bin\win64\hg.dll
0x0000000076100000 - 0x000000007615a000 	C:\Program Files\MATLAB\R2013a\bin\win64\libmat.dll
0x0000000072d30000 - 0x0000000072f38000 	C:\Program Files\MATLAB\R2013a\bin\win64\hdf5dll.dll
0x0000000075710000 - 0x00000000757d8000 	C:\Program Files\MATLAB\R2013a\bin\win64\jmi.dll
0x0000000005b60000 - 0x0000000005b6e000 	C:\Program Files\MATLAB\R2013a\bin\win64\nativejava_services.dll
0x0000000005b70000 - 0x0000000005bb0000 	C:\Program Files\MATLAB\R2013a\bin\win64\libmwhardcopy.dll
0x0000000075c70000 - 0x0000000075cce000 	C:\Program Files\MATLAB\R2013a\bin\win64\libuij.dll
0x0000000072f50000 - 0x000000007318f000 	C:\Program Files\MATLAB\R2013a\bin\win64\hgdatatypes.dll
0x0000000005bb0000 - 0x0000000005c9b000 	C:\Program Files\MATLAB\R2013a\bin\win64\hgutils.dll
0x0000000005ca0000 - 0x0000000005d4e000 	C:\Program Files\MATLAB\R2013a\bin\win64\udd_mi.dll
0x0000000005d50000 - 0x0000000005d86000 	C:\Program Files\MATLAB\R2013a\bin\win64\libmwgbtutils.dll
0x0000000005d90000 - 0x0000000005da4000 	C:\Program Files\MATLAB\R2013a\bin\win64\libmwgbt.dll
0x0000000005db0000 - 0x000000000607e000 	C:\Program Files\MATLAB\R2013a\bin\win64\uiw.dll
0x0000000006080000 - 0x0000000006089000 	C:\Program Files\MATLAB\R2013a\bin\win64\uinone.dll
0x0000000006090000 - 0x00000000060b6000 	C:\Program Files\MATLAB\R2013a\bin\win64\libmwnativefiledialogs.dll
0x00000000060c0000 - 0x00000000060cc000 	C:\Program Files\MATLAB\R2013a\bin\win64\libmwplatform_res.dll
0x000007fef6730000 - 0x000007fef6748000 	C:\Windows\system32\MPR.dll
0x0000000056260000 - 0x00000000567bd000 	C:\Program Files\MATLAB\R2013a\bin\win64\mfc100.dll
0x000007fefcfc0000 - 0x000007fefcfc7000 	C:\Windows\system32\MSIMG32.dll
0x000007fefb7d0000 - 0x000007fefb841000 	C:\Windows\system32\WINSPOOL.DRV
0x00000000060d0000 - 0x00000000060ed000 	C:\Program Files\MATLAB\R2013a\bin\win64\mwoles05.DLL
0x00000000060f0000 - 0x000000000615c000 	C:\Program Files\MATLAB\R2013a\bin\win64\comcli.dll
0x0000000064920000 - 0x000000006494b000 	C:\Program Files\MATLAB\R2013a\bin\win64\ATL100.DLL
0x0000000006160000 - 0x000000000616c000 	C:\Program Files\MATLAB\R2013a\bin\win64\mlautoregister.dll
0x0000000006170000 - 0x00000000062c6000 	C:\Program Files\MATLAB\R2013a\bin\win64\mvm.dll
0x000007fefdef0000 - 0x000007fefdf1e000 	C:\Windows\system32\IMM32.DLL
0x000007fefe140000 - 0x000007fefe249000 	C:\Windows\system32\MSCTF.dll
0x000007fefc110000 - 0x000007fefc166000 	C:\Windows\system32\UxTheme.dll
0x000007fefbdc0000 - 0x000007fefbdd8000 	C:\Windows\system32\dwmapi.dll
0x0000000067210000 - 0x000000006721d000 	C:\Program Files\MATLAB\R2013a\bin\win64\MFC100ENU.DLL
0x0000000007d80000 - 0x0000000007dce000 	C:\Program Files\MATLAB\R2013a\bin\win64\MVMLocal.dll
0x000007fefdb20000 - 0x000007fefdb2f000 	C:\Windows\system32\profapi.dll

VM Arguments:
jvm_args: -XX:PermSize=32m -Xms64m -XX:NewRatio=3 -XX:MaxPermSize=128m -Xmx196m -XX:MaxDirectMemorySize=2147400000 -Dsun.java2d.noddraw=true -Dsun.awt.nopixfmt=true -Xshare:off -Xrs -Dsun.awt.disableMixing=true -Djava.library.path=C:\Program Files\MATLAB\R2013a\bin\win64;C:\Program Files\MATLAB\R2013a\sys\jxbrowser\win64\lib vfprintf abort 
java_command: <unknown>
Launcher Type: generic

Environment Variables:
PATH=C:\Program Files\ChemAxon\JChem\bin;C:\Program Files (x86)\Intel\iCLS Client\;C:\Program Files\Intel\iCLS Client\;C:\Program Files (x86)\AMD APP\bin\x86_64;C:\Program Files (x86)\AMD APP\bin\x86;C:\Program Files\Dell\DW WLAN Card;C:\Windows\system32;C:\Windows;C:\Windows\System32\Wbem;C:\Windows\System32\WindowsPowerShell\v1.0\;C:\Program Files (x86)\ATI Technologies\ATI.ACE\Core-Static;C:\Program Files\Intel\Intel(R) Management Engine Components\DAL;C:\Program Files\Intel\Intel(R) Management Engine Components\IPT;C:\Program Files (x86)\Intel\Intel(R) Management Engine Components\DAL;C:\Program Files (x86)\Intel\Intel(R) Management Engine Components\IPT;C:\Program Files\WIDCOMM\Bluetooth Software\;C:\Program Files\WIDCOMM\Bluetooth Software\syswow64;C:\Program Files\MATLAB\R2013a\runtime\win64;C:\Program Files\MATLAB\R2013a\bin;C:\Program Files (x86)\PharosSystems\Core;C:\Program Files (x86)\Git\cmd;C:\Program Files (x86)\IDM Computer Solutions\UltraEdit;C:\Program Files (x86)\StormII\Codec;C:\Program Files (x86)\StormII
USERNAME=Cheng
OS=Windows_NT
PROCESSOR_IDENTIFIER=Intel64 Family 6 Model 58 Stepping 9, GenuineIntel



---------------  S Y S T E M  ---------------

OS: Windows 7 Build 7601 Service Pack 1

CPU:total 4 (8 cores per cpu, 2 threads per core) family 6 model 58 stepping 9, cmov, cx8, fxsr, mmx, sse, sse2, sse3, ssse3, sse4.1, sse4.2, ht

Memory: 4k page, physical 16714892k(13323820k free), swap 33427940k(29651852k free)

vm_info: Java HotSpot(TM) 64-Bit Server VM (14.3-b01) for windows-amd64 JRE (1.6.0_17-b04), built on Oct 11 2009 00:46:08 by "java_re" with MS VC++ 8.0

time: Mon Aug 04 16:40:19 2014
elapsed time: 615 seconds

